#
# There is insufficient memory for the Java Runtime Environment to continue.
# Native memory allocation (mmap) failed to map 134217728 bytes for G1 virtual space
# Possible reasons:
#   The system is out of physical RAM or swap space
#   The process is running with CompressedOops enabled, and the Java Heap may be blocking the growth of the native heap
# Possible solutions:
#   Reduce memory load on the system
#   Increase physical memory or swap space
#   Check if swap backing store is full
#   Decrease Java heap size (-Xmx/-Xms)
#   Decrease number of Java threads
#   Decrease Java thread stack sizes (-Xss)
#   Set larger code cache with -XX:ReservedCodeCacheSize=
#   JVM is running with Unscaled Compressed Oops mode in which the Java heap is
#     placed in the first 4GB address space. The Java Heap base address is the
#     maximum limit for the native heap growth. Please use -XX:HeapBaseMinAddress
#     to set the Java Heap base and to place the Java Heap above 4GB virtual address.
# This output file may be truncated or incomplete.
#
#  Out of Memory Error (os_windows.cpp:3600), pid=10584, tid=3916
#
# JRE version:  (21.0.1+12) (build )
# Java VM: Java HotSpot(TM) 64-Bit Server VM (21.0.1+12-LTS-29, mixed mode, sharing, tiered, compressed oops, compressed class ptrs, g1 gc, windows-amd64)
# No core dump will be written. Minidumps are not enabled by default on client versions of Windows
#

---------------  S U M M A R Y ------------

Command Line: ChatClient

Host: Intel(R) Core(TM) i5-4300U CPU @ 1.90GHz, 4 cores, 7G,  Windows 10 , 64 bit Build 19041 (10.0.19041.3570)
Time: Mon Jun 17 03:38:09 2024 E. Africa Standard Time elapsed time: 0.018131 seconds (0d 0h 0m 0s)

---------------  T H R E A D  ---------------

Current thread (0x000001de75a678e0):  JavaThread "Unknown thread" [_thread_in_vm, id=3916, stack(0x0000005448600000,0x0000005448700000) (1024K)]

Stack: [0x0000005448600000,0x0000005448700000]
Native frames: (J=compiled Java code, j=interpreted, Vv=VM code, C=native code)
V  [jvm.dll+0x6c9029]
V  [jvm.dll+0x854b81]
V  [jvm.dll+0x856e5e]
V  [jvm.dll+0x857543]
V  [jvm.dll+0x280c06]
V  [jvm.dll+0x6c5715]
V  [jvm.dll+0x6ba10a]
V  [jvm.dll+0x3557ea]
V  [jvm.dll+0x35d436]
V  [jvm.dll+0x3ae1be]
V  [jvm.dll+0x3ae468]
V  [jvm.dll+0x3291fc]
V  [jvm.dll+0x329d8b]
V  [jvm.dll+0x81d179]
V  [jvm.dll+0x3bb4f1]
V  [jvm.dll+0x805ae8]
V  [jvm.dll+0x44effe]
V  [jvm.dll+0x450901]
C  [jli.dll+0x52a3]
C  [ucrtbase.dll+0x21bb2]
C  [KERNEL32.DLL+0x17344]
C  [ntdll.dll+0x526b1]


---------------  P R O C E S S  ---------------

Threads class SMR info:
_java_thread_list=0x00007ff892f39b88, length=0, elements={
}

Java Threads: ( => current thread )
Total: 0

Other Threads:
  0x000001de75ab8100 WorkerThread "GC Thread#0"                     [id=12116, stack(0x0000005448700000,0x0000005448800000) (1024K)]
  0x000001de75aca7b0 ConcurrentGCThread "G1 Main Marker"            [id=3500, stack(0x0000005448800000,0x0000005448900000) (1024K)]
  0x000001de75acba50 WorkerThread "G1 Conc#0"                       [id=13484, stack(0x0000005448900000,0x0000005448a00000) (1024K)]

[error occurred during error reporting (printing all threads), id 0xc0000005, EXCEPTION_ACCESS_VIOLATION (0xc0000005) at pc=0x00007ff8926ac2c7]
VM state: not at safepoint (not fully initialized)

VM Mutex/Monitor currently owned by a thread:  ([mutex/lock_event])
[0x00007ff892faa6f8] Heap_lock - owner thread: 0x000001de75a678e0

Heap address: 0x0000000081800000, size: 2024 MB, Compressed Oops mode: 32-bit

CDS archive(s) mapped at: [0x0000000000000000-0x0000000000000000-0x0000000000000000), size 0, SharedBaseAddress: 0x0000000800000000, ArchiveRelocationMode: 1.
Narrow klass base: 0x0000000000000000, Narrow klass shift: 0, Narrow klass range: 0x0

GC Precious Log:
 CardTable entry size: 512
 Card Set container configuration: InlinePtr #cards 5 size 8 Array Of Cards #cards 12 size 40 Howl #buckets 4 coarsen threshold 1843 Howl Bitmap #cards 512 size 80 coarsen threshold 460 Card regions per heap region 1 cards per card region 2048

Heap:
 garbage-first heap   total 0K, used 0K [0x0000000081800000, 0x0000000100000000)
  region size 1024K, 0 young (0K), 0 survivors (0K)

[error occurred during error reporting (printing heap information), id 0xc0000005, EXCEPTION_ACCESS_VIOLATION (0xc0000005) at pc=0x00007ff892a91be9]
GC Heap History (0 events):
No events

Dll operation events (1 events):
Event: 0.010 Loaded shared library C:\Program Files\Java\jdk-21\bin\java.dll

Deoptimization events (0 events):
No events

Classes loaded (0 events):
No events

Classes unloaded (0 events):
No events

Classes redefined (0 events):
No events

Internal exceptions (0 events):
No events

ZGC Phase Switch (0 events):
No events

VM Operations (0 events):
No events

Events (0 events):
No events


Dynamic libraries:
0x00007ff670660000 - 0x00007ff670670000 	C:\Program Files\Java\jdk-21\bin\java.exe
0x00007ff910d50000 - 0x00007ff910f47000 	C:\WINDOWS\SYSTEM32\ntdll.dll
0x00007ff90f220000 - 0x00007ff90f2dd000 	C:\WINDOWS\System32\KERNEL32.DLL
0x00007ff90e780000 - 0x00007ff90ea76000 	C:\WINDOWS\System32\KERNELBASE.dll
0x00007ff90ec40000 - 0x00007ff90ed40000 	C:\WINDOWS\System32\ucrtbase.dll
0x00007ff8ed500000 - 0x00007ff8ed51b000 	C:\Program Files\Java\jdk-21\bin\VCRUNTIME140.dll
0x00007ff8ed4e0000 - 0x00007ff8ed4f9000 	C:\Program Files\Java\jdk-21\bin\jli.dll
0x00007ff90f680000 - 0x00007ff90f72e000 	C:\WINDOWS\System32\ADVAPI32.dll
0x00007ff90f5e0000 - 0x00007ff90f67e000 	C:\WINDOWS\System32\msvcrt.dll
0x00007ff910b50000 - 0x00007ff910bec000 	C:\WINDOWS\System32\sechost.dll
0x00007ff90fca0000 - 0x00007ff90fdc6000 	C:\WINDOWS\System32\RPCRT4.dll
0x00007ff90f2e0000 - 0x00007ff90f47e000 	C:\WINDOWS\System32\USER32.dll
0x00007ff90e480000 - 0x00007ff90e4a2000 	C:\WINDOWS\System32\win32u.dll
0x00007ff8ee0d0000 - 0x00007ff8ee36a000 	C:\WINDOWS\WinSxS\amd64_microsoft.windows.common-controls_6595b64144ccf1df_6.0.19041.3570_none_60bb2a3971f3e41a\COMCTL32.dll
0x00007ff90f490000 - 0x00007ff90f4bc000 	C:\WINDOWS\System32\GDI32.dll
0x00007ff90eb20000 - 0x00007ff90ec3a000 	C:\WINDOWS\System32\gdi32full.dll
0x00007ff90ea80000 - 0x00007ff90eb1d000 	C:\WINDOWS\System32\msvcp_win.dll
0x00007ff8ff8a0000 - 0x00007ff8ff8aa000 	C:\WINDOWS\SYSTEM32\VERSION.dll
0x00007ff910ce0000 - 0x00007ff910d10000 	C:\WINDOWS\System32\IMM32.DLL
0x00007ff8f4740000 - 0x00007ff8f474c000 	C:\Program Files\Java\jdk-21\bin\vcruntime140_1.dll
0x00007ff8c08d0000 - 0x00007ff8c095e000 	C:\Program Files\Java\jdk-21\bin\msvcp140.dll
0x00007ff892370000 - 0x00007ff893085000 	C:\Program Files\Java\jdk-21\bin\server\jvm.dll
0x00007ff910250000 - 0x00007ff9102bb000 	C:\WINDOWS\System32\WS2_32.dll
0x00007ff90d9e0000 - 0x00007ff90da2b000 	C:\WINDOWS\SYSTEM32\POWRPROF.dll
0x00007ff8f6170000 - 0x00007ff8f6197000 	C:\WINDOWS\SYSTEM32\WINMM.dll
0x00007ff90d850000 - 0x00007ff90d862000 	C:\WINDOWS\SYSTEM32\UMPDC.dll
0x00007ff90cc60000 - 0x00007ff90cc72000 	C:\WINDOWS\SYSTEM32\kernel.appcore.dll
0x00007ff8f4140000 - 0x00007ff8f414a000 	C:\Program Files\Java\jdk-21\bin\jimage.dll
0x00007ff8f7230000 - 0x00007ff8f7414000 	C:\WINDOWS\SYSTEM32\DBGHELP.DLL
0x00007ff8f63f0000 - 0x00007ff8f6424000 	C:\WINDOWS\SYSTEM32\dbgcore.DLL
0x00007ff90e4e0000 - 0x00007ff90e562000 	C:\WINDOWS\System32\bcryptPrimitives.dll
0x00007ff8e9b70000 - 0x00007ff8e9b8f000 	C:\Program Files\Java\jdk-21\bin\java.dll

dbghelp: loaded successfully - version: 4.0.5 - missing functions: none
symbol engine: initialized successfully - sym options: 0x614 - pdb path: .;C:\Program Files\Java\jdk-21\bin;C:\WINDOWS\SYSTEM32;C:\WINDOWS\WinSxS\amd64_microsoft.windows.common-controls_6595b64144ccf1df_6.0.19041.3570_none_60bb2a3971f3e41a;C:\Program Files\Java\jdk-21\bin\server

VM Arguments:
java_command: ChatClient
java_class_path (initial): .
Launcher Type: SUN_STANDARD

[Global flags]
     intx CICompilerCount                          = 3                                         {product} {ergonomic}
     uint ConcGCThreads                            = 1                                         {product} {ergonomic}
     uint G1ConcRefinementThreads                  = 4                                         {product} {ergonomic}
   size_t G1HeapRegionSize                         = 1048576                                   {product} {ergonomic}
    uintx GCDrainStackTargetSize                   = 64                                        {product} {ergonomic}
   size_t InitialHeapSize                          = 134217728                                 {product} {ergonomic}
   size_t MarkStackSize                            = 4194304                                   {product} {ergonomic}
   size_t MaxHeapSize                              = 2122317824                                {product} {ergonomic}
   size_t MinHeapDeltaBytes                        = 1048576                                   {product} {ergonomic}
   size_t MinHeapSize                              = 8388608                                   {product} {ergonomic}
    uintx NonNMethodCodeHeapSize                   = 5832780                                {pd product} {ergonomic}
    uintx NonProfiledCodeHeapSize                  = 122912730                              {pd product} {ergonomic}
    uintx ProfiledCodeHeapSize                     = 122912730                              {pd product} {ergonomic}
    uintx ReservedCodeCacheSize                    = 251658240                              {pd product} {ergonomic}
     bool SegmentedCodeCache                       = true                                      {product} {ergonomic}
   size_t SoftMaxHeapSize                          = 2122317824                             {manageable} {ergonomic}
     bool UseCompressedOops                        = true                           {product lp64_product} {ergonomic}
     bool UseG1GC                                  = true                                      {product} {ergonomic}
     bool UseLargePagesIndividualAllocation        = false                                  {pd product} {ergonomic}

Logging:
Log output configuration:
 #0: stdout all=warning uptime,level,tags foldmultilines=false
 #1: stderr all=off uptime,level,tags foldmultilines=false

Environment Variables:
JAVA_HOME=C:\Users\danie\AppData\Local\Programs\Eclipse Adoptium\jdk-17.0.9.9-hotspot\
PATH=C:\Program Files\Common Files\Oracle\Java\javapath;C:\Program Files (x86)\NVIDIA Corporation\PhysX\Common;C:\Program Files (x86)\Common Files\Intel\Shared Libraries\redist\intel64\compiler;C:\WINDOWS\system32;C:\WINDOWS;C:\WINDOWS\System32\Wbem;C:\WINDOWS\System32\WindowsPowerShell\v1.0\;C:\WINDOWS\System32\OpenSSH\;C:\Program Files\Microsoft SQL Server\Client SDK\ODBC\170\Tools\Binn\;C:\Program Files (x86)\Microsoft SQL Server\150\Tools\Binn\;C:\Program Files\Microsoft SQL Server\150\Tools\Binn\;C:\Program Files\Microsoft SQL Server\150\DTS\Binn\;C:\Program Files (x86)\Windows Kits\8.1\Windows Performance Toolkit\;C:\Program Files\Git\cmd;C:\src\flutter\bin;C:\Program Files (x86)\nodejs\;C:\Program Files\MySQL\MySQL Shell 8.0\bin\;C:\Users\danie\AppData\Local\Programs\Eclipse Adoptium\jdk-17.0.9.9-hotspot\bin;C:\Users\danie\AppData\Local\Programs\Python\Python310\Scripts\;C:\Users\danie\AppData\Local\Programs\Python\Python310\;C:\Users\danie\AppData\Local\Microsoft\WindowsApps;C:\Users\danie\AppData\Local\Programs\Microsoft VS Code\bin;C:\MinGW\bin;C:\src\flutter\bin;C:\Users\danie\AppData\Roaming\npm;C:\xampp\php;
USERNAME=danie
LANG=en_US.UTF-8
OS=Windows_NT
PROCESSOR_IDENTIFIER=Intel64 Family 6 Model 69 Stepping 1, GenuineIntel
TMP=C:\Users\danie\AppData\Local\Temp
TEMP=C:\Users\danie\AppData\Local\Temp




Periodic native trim disabled

---------------  S Y S T E M  ---------------

OS:
 Windows 10 , 64 bit Build 19041 (10.0.19041.3570)
OS uptime: 0 days 11:26 hours

CPU: total 4 (initial active 4) (2 cores per cpu, 2 threads per core) family 6 model 69 stepping 1 microcode 0x25, cx8, cmov, fxsr, ht, mmx, sse, sse2, sse3, ssse3, sse4.1, sse4.2, popcnt, lzcnt, tsc, tscinvbit, avx, avx2, aes, erms, clmul, bmi1, bmi2, fma, vzeroupper, clflush, rdtscp, f16c
Processor Information for all 4 processors :
  Max Mhz: 2501, Current Mhz: 2501, Mhz Limit: 2501

Memory: 4k page, system-wide physical 8089M (1224M free)
TotalPageFile size 10137M (AvailPageFile size 129M)
current process WorkingSet (physical memory assigned to process): 10M, peak: 10M
current process commit charge ("private bytes"): 51M, peak: 179M

vm_info: Java HotSpot(TM) 64-Bit Server VM (21.0.1+12-LTS-29) for windows-amd64 JRE (21.0.1+12-LTS-29), built on 2023-10-05T13:27:09Z by "mach5one" with MS VC++ 17.1 (VS2022)

END.
